Assembler report for TAG_Computer
Thu Feb 25 10:53:04 2021
Quartus II 64-Bit Version 15.0.0 Build 145 04/22/2015 SJ Web Edition


---------------------
; Table of Contents ;
---------------------
  1. Legal Notice
  2. Assembler Summary
  3. Assembler Settings
  4. Assembler Encrypted IP Cores Summary
  5. Assembler Generated Files
  6. Assembler Device Options: D:/tag2/TAG_Computer/TAG_Computer.sof
  7. Assembler Messages



----------------
; Legal Notice ;
----------------
Copyright (C) 1991-2015 Altera Corporation. All rights reserved.
Your use of Altera Corporation's design tools, logic functions 
and other software and tools, and its AMPP partner logic 
functions, and any output files from any of the foregoing 
(including device programming or simulation files), and any 
associated documentation or information are expressly subject 
to the terms and conditions of the Altera Program License 
Subscription Agreement, the Altera Quartus II License Agreement,
the Altera MegaCore Function License Agreement, or other 
applicable license agreement, including, without limitation, 
that your use is for the sole purpose of programming logic 
devices manufactured by Altera and sold by Altera or its 
authorized distributors.  Please refer to the applicable 
agreement for further details.



+---------------------------------------------------------------+
; Assembler Summary                                             ;
+-----------------------+---------------------------------------+
; Assembler Status      ; Successful - Thu Feb 25 10:53:04 2021 ;
; Revision Name         ; TAG_Computer                          ;
; Top-level Entity Name ; TAG_Computer_Verilog                  ;
; Family                ; Cyclone V                             ;
; Device                ; 5CSEMA5F31C6                          ;
+-----------------------+---------------------------------------+


+----------------------------------+
; Assembler Settings               ;
+--------+---------+---------------+
; Option ; Setting ; Default Value ;
+--------+---------+---------------+


+------------------------------------------------+
; Assembler Encrypted IP Cores Summary           ;
+--------+------------------------+--------------+
; Vendor ; IP Core Name           ; License Type ;
+--------+------------------------+--------------+
; Altera ; Signal Tap (6AF7 BCE1) ; Licensed     ;
; Altera ; Signal Tap (6AF7 BCEC) ; Licensed     ;
+--------+------------------------+--------------+


+---------------------------------------+
; Assembler Generated Files             ;
+---------------------------------------+
; File Name                             ;
+---------------------------------------+
; D:/tag2/TAG_Computer/TAG_Computer.sof ;
+---------------------------------------+


+-----------------------------------------------------------------+
; Assembler Device Options: D:/tag2/TAG_Computer/TAG_Computer.sof ;
+----------------+------------------------------------------------+
; Option         ; Setting                                        ;
+----------------+------------------------------------------------+
; Device         ; 5CSEMA5F31C6                                   ;
; JTAG usercode  ; 0x01892169                                     ;
; Checksum       ; 0x01892169                                     ;
+----------------+------------------------------------------------+


+--------------------+
; Assembler Messages ;
+--------------------+
Info: *******************************************************************
Info: Running Quartus II 64-Bit Assembler
    Info: Version 15.0.0 Build 145 04/22/2015 SJ Web Edition
    Info: Processing started: Thu Feb 25 10:52:48 2021
Info: Command: quartus_asm --read_settings_files=off --write_settings_files=off TAG_Computer -c TAG_Computer
Info (115030): Assembler is generating device programming files
Warning (12914): The file, D:/tag2/TAG_Computer/TAG_Computer/synthesis/TAG_Computer.regmap, is not embedded into sof file as expected.  Some tools, such as System Console, may not function fully.
Warning (11713): The configuration of the Hard Processor Subsystem (HPS) within this design has changed.
The Preloader software that initializes the HPS requires an update.
Using hps_isw_handoff/TAG_Computer_ARM_A9_HPS/, run the Preloader Support Package Generator to update your Preloader software
Info: Quartus II 64-Bit Assembler was successful. 0 errors, 2 warnings
    Info: Peak virtual memory: 4974 megabytes
    Info: Processing ended: Thu Feb 25 10:53:04 2021
    Info: Elapsed time: 00:00:16
    Info: Total CPU time (on all processors): 00:00:15


