11:10:02 **** Build of configuration Nios II for project wifi_task ****
make all 
Info: Building D:/tag2/de1_software/nios/wifi_post_res/wifi_task_bsp/
C:/altera/15.0/nios2eds/bin/gnu/H-x86_64-mingw32/bin/make --no-print-directory -C D:/tag2/de1_software/nios/wifi_post_res/wifi_task_bsp/
[BSP build complete]
Info: Compiling WiFiUart.cpp to obj/default/WiFiUart.o
nios2-elf-gcc -xc++ -MP -MMD -c -ID:/tag2/de1_software/nios/wifi_post_res/wifi_task_bsp//HAL/inc -ID:/tag2/de1_software/nios/wifi_post_res/wifi_task_bsp/ -ID:/tag2/de1_software/nios/wifi_post_res/wifi_task_bsp//drivers/inc  -pipe -D__hal__ -DALT_NO_INSTRUCTION_EMULATION -DALT_SINGLE_THREADED      -O0 -g -Wall   -mno-hw-div -mno-hw-mul -mno-hw-mulx  -o obj/default/WiFiUart.o WiFiUart.cpp
WiFiUart.cpp: In member function 'int WiFiUart::send_command(const char*)':
WiFiUart.cpp:82:24: warning: comparison between signed and unsigned integer expressions [-Wsign-compare]
  for (count = 0; count < strlen(cmd); count++) {
                        ^
WiFiUart.cpp:87:14: warning: extended initializer lists only available with -std=c++11 or -std=gnu++11
     c = {'\n'};
              ^
WiFiUart.cpp: In member function 'int WiFiUart::write_s(alt_u8)':
WiFiUart.cpp:163:26: warning: format '%s' expects argument of type 'char*', but argument 2 has type 'int' [-Wformat=]
         printf("%s", data);
                          ^
WiFiUart.cpp:163:26: warning: format '%s' expects argument of type 'char*', but argument 2 has type 'int' [-Wformat=]
Info: Compiling main.cpp to obj/default/main.o
nios2-elf-gcc -xc++ -MP -MMD -c -ID:/tag2/de1_software/nios/wifi_post_res/wifi_task_bsp//HAL/inc -ID:/tag2/de1_software/nios/wifi_post_res/wifi_task_bsp/ -ID:/tag2/de1_software/nios/wifi_post_res/wifi_task_bsp//drivers/inc  -pipe -D__hal__ -DALT_NO_INSTRUCTION_EMULATION -DALT_SINGLE_THREADED      -O0 -g -Wall   -mno-hw-div -mno-hw-mul -mno-hw-mulx  -o obj/default/main.o main.cpp
Info: Compiling wifi_task.cpp to obj/default/wifi_task.o
nios2-elf-gcc -xc++ -MP -MMD -c -ID:/tag2/de1_software/nios/wifi_post_res/wifi_task_bsp//HAL/inc -ID:/tag2/de1_software/nios/wifi_post_res/wifi_task_bsp/ -ID:/tag2/de1_software/nios/wifi_post_res/wifi_task_bsp//drivers/inc  -pipe -D__hal__ -DALT_NO_INSTRUCTION_EMULATION -DALT_SINGLE_THREADED      -O0 -g -Wall   -mno-hw-div -mno-hw-mul -mno-hw-mulx  -o obj/default/wifi_task.o wifi_task.cpp
wifi_task.cpp: In function 'char* str(volatile int*)':
wifi_task.cpp:64:28: warning: format '%i' expects argument of type 'int', but argument 3 has type 'volatile int*' [-Wformat=]
     sprintf(snum, "%i", num);
                            ^
wifi_task.cpp:64:28: warning: format '%i' expects argument of type 'int', but argument 3 has type 'volatile int*' [-Wformat=]
wifi_task.cpp:63:10: warning: address of local variable 'snum' returned [-Wreturn-local-addr]
     char snum[5];
          ^
Info: Linking wifi_task.elf
nios2-elf-g++  -T'D:/tag2/de1_software/nios/wifi_post_res/wifi_task_bsp//linker.x' -msys-crt0='D:/tag2/de1_software/nios/wifi_post_res/wifi_task_bsp//obj/HAL/src/crt0.o' -msys-lib=hal_bsp -LD:/tag2/de1_software/nios/wifi_post_res/wifi_task_bsp/   -Wl,-Map=wifi_task.map   -O0 -g -Wall   -mno-hw-div -mno-hw-mul -mno-hw-mulx  -o wifi_task.elf obj/default/WiFiUart.o obj/default/main.o obj/default/wifi_task.o -lm -msys-lib=m
nios2-elf-insert wifi_task.elf --thread_model hal --cpu_name nios2_gen2_0 --qsys true --simulation_enabled false --id 0 --sidp 0x8 --timestamp 1618249170 --stderr_dev jtag_uart_0 --stdin_dev jtag_uart_0 --stdout_dev jtag_uart_0 --sopc_system_name tag_nios_system --quartus_project_dir "d:/tag2/de1_hardware/hps_fpga" --jdi D:/tag2/de1_hardware/hps_fpga//output_files/TAG_Nios_Computer.jdi --sopcinfo D:/tag2/de1_hardware/hps_fpga/tag_nios_system.sopcinfo
Info: (wifi_task.elf) 117 KBytes program size (code + initialized data).
Info:                 65410 KBytes free for stack + heap.
Info: Creating wifi_task.objdump
nios2-elf-objdump --disassemble --syms --all-header --source wifi_task.elf >wifi_task.objdump
[wifi_task build complete]
11:10:11 **** Build of configuration Nios II for project wifi_task ****
make all 
Info: Building D:/tag2/de1_software/nios/wifi_post_res/wifi_task_bsp/
C:/altera/15.0/nios2eds/bin/gnu/H-x86_64-mingw32/bin/make --no-print-directory -C D:/tag2/de1_software/nios/wifi_post_res/wifi_task_bsp/
[BSP build complete]
[wifi_task build complete]
11:10:13 **** Incremental Build of configuration Nios II for project wifi_task ****
make all 
Info: Building D:/tag2/de1_software/nios/wifi_post_res/wifi_task_bsp/
C:/altera/15.0/nios2eds/bin/gnu/H-x86_64-mingw32/bin/make --no-print-directory -C D:/tag2/de1_software/nios/wifi_post_res/wifi_task_bsp/
[BSP build complete]
[wifi_task build complete]
