19:18:21 **** Build of configuration Nios II for project BT_Config ****
make all 
Info: Building ../BT_Config_bsp/
C:/altera/15.0/nios2eds/bin/gnu/H-x86_64-mingw32/bin/make --no-print-directory -C ../BT_Config_bsp/
[BSP build complete]
Info: Compiling CUart.cpp to obj/default/CUart.o
nios2-elf-gcc -xc++ -MP -MMD -c -I../BT_Config_bsp//HAL/inc -I../BT_Config_bsp/ -I../BT_Config_bsp//drivers/inc  -pipe -D__hal__ -DALT_NO_INSTRUCTION_EMULATION -DALT_USE_SMALL_DRIVERS -DSMALL_C_LIB -DALT_SINGLE_THREADED      -O0 -g -Wall   -mno-hw-div -mno-hw-mul -mno-hw-mulx  -o obj/default/CUart.o CUart.cpp
Info: Compiling main.cpp to obj/default/main.o
nios2-elf-gcc -xc++ -MP -MMD -c -I../BT_Config_bsp//HAL/inc -I../BT_Config_bsp/ -I../BT_Config_bsp//drivers/inc  -pipe -D__hal__ -DALT_NO_INSTRUCTION_EMULATION -DALT_USE_SMALL_DRIVERS -DSMALL_C_LIB -DALT_SINGLE_THREADED      -O0 -g -Wall   -mno-hw-div -mno-hw-mul -mno-hw-mulx  -o obj/default/main.o main.cpp
Info: Linking BT_Config.elf
nios2-elf-g++  -T'../BT_Config_bsp//linker.x' -msys-crt0='../BT_Config_bsp//obj/HAL/src/crt0.o' -msys-lib=hal_bsp -L../BT_Config_bsp/  -msmallc  -Wl,-Map=BT_Config.map   -O0 -g -Wall   -mno-hw-div -mno-hw-mul -mno-hw-mulx  -o BT_Config.elf obj/default/CUart.o obj/default/main.o -lm -msys-lib=m
nios2-elf-insert BT_Config.elf --thread_model hal --cpu_name nios2_gen2_0 --qsys true --simulation_enabled false --stderr_dev jtag_uart_0 --stdin_dev jtag_uart_0 --stdout_dev jtag_uart_0 --sopc_system_name tag_nios_system --quartus_project_dir "D:/tag2/TAG_NIOS" --jdi ../..//output_files/TAG_Nios_Computer.jdi --sopcinfo D:/tag2/TAG_NIOS/software/BT_Config_bsp/../../tag_nios_system.sopcinfo
Info: (BT_Config.elf) 28 KBytes program size (code + initialized data).
Info:                 65531 KBytes free for stack + heap.
Info: Creating BT_Config.objdump
nios2-elf-objdump --disassemble --syms --all-header --source BT_Config.elf >BT_Config.objdump
[BT_Config build complete]
19:18:32 **** Build of configuration Nios II for project BT_Config ****
make all 
Info: Building ../BT_Config_bsp/
C:/altera/15.0/nios2eds/bin/gnu/H-x86_64-mingw32/bin/make --no-print-directory -C ../BT_Config_bsp/
[BSP build complete]
[BT_Config build complete]
19:18:34 **** Incremental Build of configuration Nios II for project BT_Config ****
make all 
Info: Building ../BT_Config_bsp/
C:/altera/15.0/nios2eds/bin/gnu/H-x86_64-mingw32/bin/make --no-print-directory -C ../BT_Config_bsp/
[BSP build complete]
[BT_Config build complete]
